<?xml version="1.0" encoding="UTF-8"?>
<!-- Generated by org.testng.reporters.JUnitReportReporter -->
<testsuite skipped="0" hostname="PUNIGOKUL" name="mavenproject.loginCheck" tests="1" failures="0" timestamp="2020-08-26T15:07:49 IST" time="24.126" errors="0">
  <testcase name="doLogin" time="24.126" classname="mavenproject.loginCheck"/>
  <system-out/>
</testsuite> <!-- mavenproject.loginCheck -->
