<?xml version="1.0" encoding="UTF-8"?>
<!-- Generated by org.testng.reporters.JUnitReportReporter -->
<testsuite skipped="0" hostname="PUNIGOKUL" name="mavenproject.loginCheck" tests="1" failures="0" timestamp="2020-08-26T16:02:01 IST" time="10.460" errors="0">
  <testcase name="doLogin" time="10.460" classname="mavenproject.loginCheck"/>
  <system-out/>
</testsuite> <!-- mavenproject.loginCheck -->
